Arguments: 
  C:\Program Files\nodejs\node.exe C:\Git\bin\yarn.js global add codeclimate-test-reporter

PATH: 
  C:\Ruby25-x64\bin;C:\Program Files (x86)\Lenovo\FusionEngine;C:\WINDOWS\system32;C:\WINDOWS;C:\WINDOWS\System32\Wbem;C:\WINDOWS\System32\WindowsPowerShell\v1.0\;C:\Program Files (x86)\Common Files\lenovo\easyplussdk\bin;C:\HashiCorp\Vagrant\bin;C:\Program Files\MySQL\MySQL Utilities 1.6\;C:\Program Files (x86)\Skype\Phone\;C:\Program Files (x86)\Google\Cloud SDK\google-cloud-sdk\bin;C:\Program Files (x86)\Brackets\command;C:\WINDOWS\System32\OpenSSH\;C:\ProgramData\chocolatey\bin;C:\Git\bin\;C:\Program Files\Pandoc\;C:\Program Files\Redis\;C:\Program Files\nodejs\;C:\Program Files\dotnet\;C:\RailsInstaller\Git\cmd;C:\RailsInstaller\Ruby2.3.0\bin;C:\Ruby25-x64\bin;C:\Users\newle\AppData\Local\Programs\Python\Python37\Scripts\;C:\Users\newle\AppData\Local\Programs\Python\Python37\;C:\Users\newle\AppData\Local\.meteor\;C:\Users\newle\AppData\Local\Microsoft\WindowsApps;C:\Users\newle\AppData\Local\GitHubDesktop\bin;C:\Git\cmd;C:\Users\newle\AppData\Local\Microsoft\WindowsApps;C:\Users\newle\AppData\Local\Yarn\bin;C:\Program Files\Java\jdk-11.0.1\bin;;C:\Users\newle\AppData\Local\Programs\Microsoft VS Code\bin;C:\Users\newle\AppData\Roaming\npm

Yarn version: 
  1.13.0

Node version: 
  8.11.1

Platform: 
  win32 x64

Trace: 
  SyntaxError: c:\Git\WikiEduDashboard\package.json: Unexpected token < in JSON at position 151
      at JSON.parse (<anonymous>)
      at C:\Git\lib\cli.js:1625:59
      at Generator.next (<anonymous>)
      at step (C:\Git\lib\cli.js:304:30)
      at C:\Git\lib\cli.js:315:13
      at <anonymous>

npm manifest: 
  {
    "name": "WikiEduDashboard",
    "repository": "https://github.com/WikiEducationFoundation/WikiEduDashboard",
    "license": "MIT",
    "dependencies": {
  <<<<<<< HEAD
  <<<<<<< HEAD
      "@babel/core": "^7.3.4",
      "@babel/plugin-proposal-object-rest-spread": "^7.3.4",
      "@babel/plugin-transform-modules-commonjs": "^7.2.0",
      "@babel/polyfill": "^7.2.5",
      "@babel/preset-env": "^7.3.4",
  =======
      "@babel/core": "^7.3.3",
      "@babel/plugin-proposal-object-rest-spread": "^7.3.2",
      "@babel/plugin-transform-modules-commonjs": "^7.2.0",
      "@babel/polyfill": "^7.2.3",
  >>>>>>> d6802fdc967d3e2e3656f6d368fce5bf39d3c5f1
  =======
      "@babel/core": "^7.3.4",
      "@babel/plugin-proposal-object-rest-spread": "^7.2.0",
      "@babel/plugin-transform-modules-commonjs": "^7.2.0",
      "@babel/polyfill": "^7.2.5",
      "@babel/preset-env": "^7.3.4",
  >>>>>>> upstream/master
      "@babel/preset-react": "^7.0.0",
      "@bower_components/jquery": "jquery/jquery-dist#3.3.1",
  <<<<<<< HEAD
      "@tinymce/tinymce-react": "^3.0.1",
      "autosize": "^4.0.2",
      "babel-core": "^7.0.0-bridge.0",
      "babel-jest": "^24.1.0",
  =======
      "@tinymce/tinymce-react": "^2.4.0",
      "ajv": "^5.0.0",
      "autosize": "^4.0.2",
      "babel-cli": "^6.26.0",
      "babel-jest": "^23.6.0",
  >>>>>>> d6802fdc967d3e2e3656f6d368fce5bf39d3c5f1
      "babel-loader": "^8.0.5",
      "babel-plugin-add-module-exports": "^1.0.0",
      "babel-plugin-lodash": "^3.3.4",
      "babel-plugin-rewire": "^1.2.0",
      "babel-preset-es2015": "^6.24.1",
      "chai": "^4.2.0",
      "chart.js": "^2.7.3",
      "chartkick": "^3.0.2",
      "chosen-js": "^1.8.5",
      "core-js": "^2.6.5",
      "create-react-class": "^15.6.3",
      "cross-fetch": "^3.0.1",
      "deep-freeze": "^0.0.1",
      "del": "^3.0.0",
      "enzyme": "3.9.0",
      "enzyme-adapter-react-16": "^1.10.0",
  <<<<<<< HEAD
      "eslint": "^5.14.1",
      "eslint-config-airbnb": "^17.1.0",
      "eslint-plugin-import": "^2.16.0",
  <<<<<<< HEAD
  =======
      "eslint": "^5.15.0",
      "eslint-config-airbnb": "^17.1.0",
      "eslint-plugin-import": "^2.16.0",
  >>>>>>> upstream/master
      "eslint-plugin-jsx-a11y": "^6.2.1",
      "eslint-plugin-react": "^7.12.4",
      "gulp": "3.9.1",
  =======
      "eslint-plugin-jsx-a11y": "^6.1.2",
      "eslint-plugin-react": "^7.11.1",
      "gulp": "^3.7.0",
  >>>>>>> d6802fdc967d3e2e3656f6d368fce5bf39d3c5f1
      "gulp-autoprefixer": "^6.0.0",
      "gulp-cached": "^1.1.1",
      "gulp-clean": "^0.4.0",
      "gulp-cli": "^2.0.1",
      "gulp-combine-media-queries": "^0.2.0",
      "gulp-concat": "^2.6.1",
      "gulp-consolidate": "^0.2.0",
      "gulp-css-flipper": "^1.0.2",
      "gulp-csslint": "^1.0.1",
      "gulp-eslint": "^5.0.0",
      "gulp-htmlhint": "^2.2.1",
      "gulp-iconfont": "^10.0.2",
      "gulp-imagemin": "^5.0.3",
      "gulp-jshint": "^2.1.0",
      "gulp-jsx-coverage": "^0.4.0",
      "gulp-livereload": "^4.0.1",
      "gulp-load-plugins": "^1.4.0",
      "gulp-minify-css": "^1.2.4",
      "gulp-newer": "^1.4.0",
      "gulp-notify": "^3.2.0",
      "gulp-plumber": "^1.2.1",
      "gulp-rename": "^1.4.0",
      "gulp-rev": "^9.0.0",
      "gulp-shell": "^0.7.0",
      "gulp-sketch": "^1.0.5",
      "gulp-sourcemaps": "^2.6.5",
      "gulp-stylus": "^2.7.0",
      "gulp-uglify": "^3.0.0",
      "gulp-util": "^3.0.6",
      "gulp-watch": "^5.0.1",
      "gulp-webserver": "^0.9.1",
      "history": "4.7.2",
      "i18n-js": "^3.2.1",
      "isomorphic-fetch": "^2.2.1",
  <<<<<<< HEAD
      "jeet": "^7.2.0",
      "jest": "^24.1.0",
      "jquery": "jquery/jquery-dist#3.3.1",
  =======
      "jeet": "^6.1.2",
      "jest": "^23.6.0",
      "jquery": "github:jquery/jquery-dist#3.3.1",
  >>>>>>> d6802fdc967d3e2e3656f6d368fce5bf39d3c5f1
      "jquery-ui": "^1.10.5",
      "jquery.repeater": "^1.2.1",
      "jsdom": "^13.2.0",
      "json-loader": "^0.5.4",
      "jsx-require-extension": "^0.2.0",
      "list.js": "git+https://github.com/WikiEducationFoundation/list.js.git",
      "location-origin": "^1.1.4",
      "lodash": "^4.17.10",
      "lodash.map": "^4.6.0",
      "lodash.reject": "^4.6.0",
      "lodash.sorteduniqby": "^4.7.0",
      "lodash.throttle": "^4.1.1",
      "lodash.where": "^3.1.0",
      "markdown-it": "^8.4.1",
      "markdown-it-footnote": "^3.0.1",
      "merge-stream": "^1.0.1",
      "mkdirp": "^0.5.1",
      "moment": "2.24.0",
      "moment-recur": "^1.0.7",
  <<<<<<< HEAD
      "nouislider": "^13.1.1",
  =======
      "node": "^10.0.0",
      "node-gyp": "^3.8.0",
      "nouislider": "^12.1.0",
      "nvmw": "^1.0.0",
  >>>>>>> d6802fdc967d3e2e3656f6d368fce5bf39d3c5f1
      "parsleyjs": "^2.8.1",
      "promise-limit": "^2.7.0",
      "prop-types": "^15.7.2",
      "query-string": "6.2.0",
      "rails-ujs": "^5.2.2",
      "raven-js": "^3.27.0",
      "react": "^16.8.3",
      "react-burger-menu": "2.6.5",
      "react-confetti": "^2.3.0",
  <<<<<<< HEAD
      "react-day-picker": "7.3.0",
      "react-dnd": "^7.0.2",
      "react-dnd-html5-backend": "^7.0.2",
      "react-dnd-touch-backend": "^0.8.0",
      "react-dom": "^16.8.3",
      "react-dropzone": "^9.0.0",
  =======
      "react-day-picker": "7.2.4",
      "react-dnd": "^3.0.2",
      "react-dnd-html5-backend": "^5.0.1",
      "react-dnd-touch-backend": "^0.3.15",
      "react-dom": "^16.8.3",
      "react-dropzone": "^7.0.1",
  >>>>>>> upstream/master
      "react-input-range": "^1.3.0",
      "react-motion": "^0.5.2",
      "react-onclickoutside": "^6.8.0",
      "react-paginate": "^6.3.0",
      "react-redux": "^6.0.1",
      "react-router": "4.3.1",
      "react-router-dom": "4.3.1",
      "react-select": "^2.3.0",
      "react-test-renderer": "^16.8.3",
      "react-transition-group": "2.6.0",
      "react-typeahead": "^2.0.0-alpha.8",
      "redux": "^4.0.1",
      "redux-mock-store": "^1.5.1",
      "redux-thunk": "^2.3.0",
      "require-dir": "1.2.0",
      "reselect": "^4.0.0",
      "rev-del": "^2.0.0",
      "rewire": "^4.0.1",
      "run-sequence": "^2.2.1",
      "rupture": "^0.7.1",
      "should": "^13.2.1",
      "sinon": "^7.2.5",
      "sinon-chai": "^3.3.0",
      "slick-carousel": "git+https://github.com/cfoehrdes/slick.git#a4d85536c42951933e1d887bcc013615e25b03e7",
      "striptags": "^3.1.1",
      "stylus": "0.54.5",
      "tinymce": "^5.0.1",
      "uuid": "^3.3.2",
      "velocity-animate": "^1.5.1",
      "vinyl-buffer": "^1.0.1",
      "vinyl-source-stream": "^2.0.0",
  <<<<<<< HEAD
      "webpack": "^4.29.5",
  =======
      "webpack": "^4.29.6",
  >>>>>>> upstream/master
      "webpack-dev-server": "^3.2.1",
      "webpack-manifest-plugin": "2.0.4",
      "wnumb": "^1.1.0"
    },
    "scripts": {
      "test": "jest",
      "start": "gulp dev",
      "hot": "gulp hot-dev",
      "build": "gulp build"
    },
    "jest": {
      "collectCoverage": false,
      "roots": [
        "test",
        "app/assets/javascripts"
      ],
      "moduleDirectories": [
        "test",
        "app/assets/javascripts",
        "node_modules"
      ]
    },
    "engines": {
      "yarn": ">= 1.0.0"
    },
    "devDependencies": {
  <<<<<<< HEAD
  <<<<<<< HEAD
  =======
      "@babel/preset-env": "^7.3.1",
      "@babel/register": "^7.0.0",
      "babel-core": "^6.26.3",
      "es2015": "0.0.0",
      "gulp-build": "^0.5.3",
  >>>>>>> d6802fdc967d3e2e3656f6d368fce5bf39d3c5f1
  =======
  >>>>>>> upstream/master
      "webpack-cli": "^3.2.3"
    },
    "resolutions": {
      "babel-core": "7.0.0-bridge.0"
    }
  }

yarn manifest: 
  No manifest

Lockfile: 
  No lockfile
